U:\Desktop\AE483\Lab 4\Week 3\AE483GroundStation_Lab4\AE483GroundStation\Debug\AE483GroundStation.exe.embed.manifest
U:\Desktop\AE483\Lab 4\Week 3\AE483GroundStation_Lab4\AE483GroundStation\Debug\AE483GroundStation.exe.embed.manifest.res
U:\Desktop\AE483\Lab 4\Week 3\AE483GroundStation_Lab4\AE483GroundStation\Debug\AE483GroundStation.exe.intermediate.manifest
U:\Desktop\AE483\Lab 4\Week 3\AE483GroundStation_Lab4\AE483GroundStation\Debug\AE483GroundStation.write.1.tlog
U:\Desktop\AE483\Lab 4\Week 3\AE483GroundStation_Lab4\AE483GroundStation\Debug\AE483GroundStation_manifest.rc
U:\DESKTOP\AE483\LAB 4\WEEK 3\AE483GROUNDSTATION_LAB4\AE483GROUNDSTATION\DEBUG\ASCTECCOMMINTF.OBJ
U:\Desktop\AE483\Lab 4\Week 3\AE483GroundStation_Lab4\AE483GroundStation\Debug\cl.command.1.tlog
U:\Desktop\AE483\Lab 4\Week 3\AE483GroundStation_Lab4\AE483GroundStation\Debug\CL.read.1.tlog
U:\Desktop\AE483\Lab 4\Week 3\AE483GroundStation_Lab4\AE483GroundStation\Debug\CL.write.1.tlog
U:\Desktop\AE483\Lab 4\Week 3\AE483GroundStation_Lab4\AE483GroundStation\Debug\link.command.1.tlog
U:\Desktop\AE483\Lab 4\Week 3\AE483GroundStation_Lab4\AE483GroundStation\Debug\link.read.1.tlog
U:\Desktop\AE483\Lab 4\Week 3\AE483GroundStation_Lab4\AE483GroundStation\Debug\link.write.1.tlog
U:\Desktop\AE483\Lab 4\Week 3\AE483GroundStation_Lab4\AE483GroundStation\Debug\link-cvtres.read.1.tlog
U:\Desktop\AE483\Lab 4\Week 3\AE483GroundStation_Lab4\AE483GroundStation\Debug\link-cvtres.write.1.tlog
U:\DESKTOP\AE483\LAB 4\WEEK 3\AE483GROUNDSTATION_LAB4\AE483GROUNDSTATION\DEBUG\MAIN.OBJ
U:\Desktop\AE483\Lab 4\Week 3\AE483GroundStation_Lab4\AE483GroundStation\Debug\mt.command.1.tlog
U:\Desktop\AE483\Lab 4\Week 3\AE483GroundStation_Lab4\AE483GroundStation\Debug\mt.read.1.tlog
U:\Desktop\AE483\Lab 4\Week 3\AE483GroundStation_Lab4\AE483GroundStation\Debug\mt.write.1.tlog
U:\DESKTOP\AE483\LAB 4\WEEK 3\AE483GROUNDSTATION_LAB4\AE483GROUNDSTATION\DEBUG\PLANNER.OBJ
U:\Desktop\AE483\Lab 4\Week 3\AE483GroundStation_Lab4\AE483GroundStation\Debug\rc.command.1.tlog
U:\Desktop\AE483\Lab 4\Week 3\AE483GroundStation_Lab4\AE483GroundStation\Debug\rc.read.1.tlog
U:\Desktop\AE483\Lab 4\Week 3\AE483GroundStation_Lab4\AE483GroundStation\Debug\rc.write.1.tlog
U:\Desktop\AE483\Lab 4\Week 3\AE483GroundStation_Lab4\AE483GroundStation\Debug\vc100.idb
U:\DESKTOP\AE483\LAB 4\WEEK 3\AE483GROUNDSTATION_LAB4\AE483GROUNDSTATION\DEBUG\VC100.PDB
U:\DESKTOP\AE483\LAB 4\WEEK 3\AE483GROUNDSTATION_LAB4\DEBUG\AE483GROUNDSTATION.EXE
U:\DESKTOP\AE483\LAB 4\WEEK 3\AE483GROUNDSTATION_LAB4\DEBUG\AE483GROUNDSTATION.ILK
U:\DESKTOP\AE483\LAB 4\WEEK 3\AE483GROUNDSTATION_LAB4\DEBUG\AE483GROUNDSTATION.PDB
